{
  "RSpec": {
    "coverage": {
      "/Users/makersadmin/Documents/Projects/week10/Bank_Tech_Test/spec/bank_account_spec.rb": {
        "lines": [
          1,
          null,
          1,
          11,
          11,
          null,
          1,
          1,
          1,
          null,
          null,
          1,
          1,
          null,
          null,
          1,
          1,
          1,
          1,
          null,
          1,
          1,
          1,
          1,
          null,
          1,
          2,
          2,
          null,
          null,
          1,
          1,
          1,
          1,
          1,
          null,
          1,
          2,
          1,
          null,
          1,
          1,
          1,
          1,
          null,
          1,
          2,
          2,
          null,
          null,
          1,
          1,
          1,
          null,
          1,
          1,
          1,
          null,
          null,
          null,
          null,
          null,
          null,
          null,
          null,
          null
        ]
      },
      "/Users/makersadmin/Documents/Projects/week10/Bank_Tech_Test/lib/bank_account.rb": {
        "lines": [
          null,
          null,
          1,
          null,
          1,
          1,
          null,
          1,
          10,
          10,
          10,
          null,
          null,
          1,
          5,
          4,
          4,
          null,
          null,
          1,
          6,
          3,
          2,
          2,
          null,
          null,
          1,
          1,
          null,
          null,
          1,
          null,
          1,
          3,
          1,
          null,
          null,
          null,
          1,
          11,
          null,
          null,
          1,
          6,
          null,
          null
        ]
      },
      "/Users/makersadmin/Documents/Projects/week10/Bank_Tech_Test/lib/bank_statement.rb": {
        "lines": [
          null,
          null,
          1,
          null,
          1,
          2,
          2,
          1,
          null,
          2,
          2,
          null,
          null,
          1,
          null,
          1,
          2,
          null,
          null,
          1,
          3,
          2,
          null,
          null,
          null,
          1,
          2,
          null,
          null
        ]
      },
      "/Users/makersadmin/Documents/Projects/week10/Bank_Tech_Test/spec/bank_statement_spec.rb": {
        "lines": [
          null,
          null,
          1,
          1,
          1,
          null,
          1,
          1,
          1,
          null,
          1,
          1,
          1,
          1,
          null,
          null,
          null
        ]
      }
    },
    "timestamp": 1597415517
  }
}
